


ARM Macro Assembler    Page 1 


    1 00000000         ;/******************************************************
                       ********************//**
    2 00000000         ; * @file     startup_LPC17xx.s
    3 00000000         ; * @brief    CMSIS Cortex-M3 Core Device Startup File f
                       or
    4 00000000         ; *           NXP LPC17xx Device Series
    5 00000000         ; * @version  V1.10
    6 00000000         ; * @date     06. April 2011
    7 00000000         ; *
    8 00000000         ; * @note
    9 00000000         ; * Copyright (C) 2009-2011 ARM Limited. All rights rese
                       rved.
   10 00000000         ; *
   11 00000000         ; * @par
   12 00000000         ; * ARM Limited (ARM) is supplying this software for use
                        with Cortex-M
   13 00000000         ; * processor based microcontrollers.  This file can be 
                       freely distributed
   14 00000000         ; * within development tools that are supporting such AR
                       M based processors.
   15 00000000         ; *
   16 00000000         ; * @par
   17 00000000         ; * THIS SOFTWARE IS PROVIDED "AS IS".  NO WARRANTIES, W
                       HETHER EXPRESS, IMPLIED
   18 00000000         ; * OR STATUTORY, INCLUDING, BUT NOT LIMITED TO, IMPLIED
                        WARRANTIES OF
   19 00000000         ; * MERCHANTABILITY AND FITNESS FOR A PARTICULAR PURPOSE
                        APPLY TO THIS SOFTWARE.
   20 00000000         ; * ARM SHALL NOT, IN ANY CIRCUMSTANCES, BE LIABLE FOR S
                       PECIAL, INCIDENTAL, OR
   21 00000000         ; * CONSEQUENTIAL DAMAGES, FOR ANY REASON WHATSOEVER.
   22 00000000         ; *
   23 00000000         ; ******************************************************
                       ************************/
   24 00000000         
   25 00000000         ; *------- <<< Use Configuration Wizard in Context Menu 
                       >>> ------------------
   26 00000000         
   27 00000000         ; <h> Stack Configuration
   28 00000000         ;   <o> Stack Size (in Bytes) <0x0-0xFFFFFFFF:8>
   29 00000000         ; </h>
   30 00000000         
   31 00000000 00000200 
                       Stack_Size
                               EQU              0x00000200
   32 00000000         
   33 00000000                 AREA             STACK, NOINIT, READWRITE, ALIGN
=3
   34 00000000         Stack_Mem
                               SPACE            Stack_Size
   35 00000200         __initial_sp
   36 00000200         
   37 00000200         
   38 00000200         ; <h> Heap Configuration
   39 00000200         ;   <o>  Heap Size (in Bytes) <0x0-0xFFFFFFFF:8>
   40 00000200         ; </h>
   41 00000200         
   42 00000200 00000000 
                       Heap_Size



ARM Macro Assembler    Page 2 


                               EQU              0x00000000
   43 00000200         
   44 00000200                 AREA             HEAP, NOINIT, READWRITE, ALIGN=
3
   45 00000000         __heap_base
   46 00000000         Heap_Mem
                               SPACE            Heap_Size
   47 00000000         __heap_limit
   48 00000000         
   49 00000000         
   50 00000000                 PRESERVE8
   51 00000000                 THUMB
   52 00000000         
   53 00000000         
   54 00000000         ; Vector Table Mapped to Address 0 at Reset
   55 00000000         
   56 00000000                 AREA             RESET, DATA, READONLY
   57 00000000                 EXPORT           __Vectors
   58 00000000         
   59 00000000 00000000 
                       __Vectors
                               DCD              __initial_sp ; Top of Stack
   60 00000004 00000000        DCD              Reset_Handler ; Reset Handler
   61 00000008 00000000        DCD              NMI_Handler ; NMI Handler
   62 0000000C 00000000        DCD              HardFault_Handler ; Hard Fault 
                                                            Handler
   63 00000010 00000000        DCD              MemManage_Handler 
                                                            ; MPU Fault Handler
                                                            
   64 00000014 00000000        DCD              BusFault_Handler 
                                                            ; Bus Fault Handler
                                                            
   65 00000018 00000000        DCD              UsageFault_Handler ; Usage Faul
                                                            t Handler
   66 0000001C 00000000        DCD              0           ; Reserved
   67 00000020 00000000        DCD              0           ; Reserved
   68 00000024 00000000        DCD              0           ; Reserved
   69 00000028 00000000        DCD              0           ; Reserved
   70 0000002C 00000000        DCD              SVC_Handler ; SVCall Handler
   71 00000030 00000000        DCD              DebugMon_Handler ; Debug Monito
                                                            r Handler
   72 00000034 00000000        DCD              0           ; Reserved
   73 00000038 00000000        DCD              PendSV_Handler ; PendSV Handler
                                                            
   74 0000003C 00000000        DCD              SysTick_Handler 
                                                            ; SysTick Handler
   75 00000040         
   76 00000040         ; External Interrupts
   77 00000040 00000000        DCD              WDT_IRQHandler ; 16: Watchdog T
                                                            imer
   78 00000044 00000000        DCD              TIMER0_IRQHandler ; 17: Timer0
   79 00000048 00000000        DCD              TIMER1_IRQHandler ; 18: Timer1
   80 0000004C 00000000        DCD              TIMER2_IRQHandler ; 19: Timer2
   81 00000050 00000000        DCD              TIMER3_IRQHandler ; 20: Timer3
   82 00000054 00000000        DCD              UART0_IRQHandler ; 21: UART0
   83 00000058 00000000        DCD              UART1_IRQHandler ; 22: UART1
   84 0000005C 00000000        DCD              UART2_IRQHandler ; 23: UART2
   85 00000060 00000000        DCD              UART3_IRQHandler ; 24: UART3
   86 00000064 00000000        DCD              PWM1_IRQHandler ; 25: PWM1



ARM Macro Assembler    Page 3 


   87 00000068 00000000        DCD              I2C0_IRQHandler ; 26: I2C0
   88 0000006C 00000000        DCD              I2C1_IRQHandler ; 27: I2C1
   89 00000070 00000000        DCD              I2C2_IRQHandler ; 28: I2C2
   90 00000074 00000000        DCD              SPI_IRQHandler ; 29: SPI
   91 00000078 00000000        DCD              SSP0_IRQHandler ; 30: SSP0
   92 0000007C 00000000        DCD              SSP1_IRQHandler ; 31: SSP1
   93 00000080 00000000        DCD              PLL0_IRQHandler ; 32: PLL0 Lock
                                                             (Main PLL)
   94 00000084 00000000        DCD              RTC_IRQHandler ; 33: Real Time 
                                                            Clock
   95 00000088 00000000        DCD              EINT0_IRQHandler ; 34: External
                                                             Interrupt 0
   96 0000008C 00000000        DCD              EINT1_IRQHandler ; 35: External
                                                             Interrupt 1
   97 00000090 00000000        DCD              EINT2_IRQHandler ; 36: External
                                                             Interrupt 2
   98 00000094 00000000        DCD              EINT3_IRQHandler ; 37: External
                                                             Interrupt 3
   99 00000098 00000000        DCD              ADC_IRQHandler 
                                                            ; 38: A/D Converter
                                                            
  100 0000009C 00000000        DCD              BOD_IRQHandler ; 39: Brown-Out 
                                                            Detect
  101 000000A0 00000000        DCD              USB_IRQHandler ; 40: USB
  102 000000A4 00000000        DCD              CAN_IRQHandler ; 41: CAN
  103 000000A8 00000000        DCD              DMA_IRQHandler ; 42: General Pu
                                                            rpose DMA
  104 000000AC 00000000        DCD              I2S_IRQHandler ; 43: I2S
  105 000000B0 00000000        DCD              ENET_IRQHandler ; 44: Ethernet
  106 000000B4 00000000        DCD              RIT_IRQHandler ; 45: Repetitive
                                                             Interrupt Timer
  107 000000B8 00000000        DCD              MCPWM_IRQHandler ; 46: Motor Co
                                                            ntrol PWM
  108 000000BC 00000000        DCD              QEI_IRQHandler ; 47: Quadrature
                                                             Encoder Interface
  109 000000C0 00000000        DCD              PLL1_IRQHandler ; 48: PLL1 Lock
                                                             (USB PLL)
  110 000000C4 00000000        DCD              USBActivity_IRQHandler ; 49: US
                                                            B Activity interrup
                                                            t to wakeup
  111 000000C8 00000000        DCD              CANActivity_IRQHandler ; 50: CA
                                                            N Activity interrup
                                                            t to wakeup
  112 000000CC         
  113 000000CC         
  114 000000CC                 IF               :LNOT::DEF:NO_CRP
  115 000000CC                 AREA             |.ARM.__at_0x02FC|, CODE, READO
NLY
  116 00000000 FFFFFFFF 
                       CRP_Key DCD              0xFFFFFFFF
  117 00000004                 ENDIF
  118 00000004         
  119 00000004         ;SYSTICKcontrolAndStatusRegister EQU 0xE000E010
  120 00000004         ;SYSTICKreloadValueRegister      EQU 0xE000E014
  121 00000004         ;SYSTICKcurrentValueRegister  EQU 0xE000E018
  122 00000004         ;SYSTICKcalibrationValue   EQU 0xE000E01C
  123 00000004         
  124 00000004         
  125 00000004                 AREA             |.text|, CODE, READONLY



ARM Macro Assembler    Page 4 


  126 00000000         
  127 00000000         ; Reset Handler
  128 00000000         
  129 00000000         ;SYSTICK
  130 00000000         ;tmp rn r10
  131 00000000         ;reg_pt rn r11
  132 00000000         
  133 00000000         Reset_Handler
                               PROC
  134 00000000                 EXPORT           Reset_Handler             [WEAK
]
  135 00000000         ;SYSTICK
  136 00000000         ;LDR reg_pt, =SYSTICKcontrolAndStatusRegister
  137 00000000         ;LDR tmp,[reg_pt]
  138 00000000         ;BIC tmp,tmp,#1 ;spengo il timer così posso lavorarci (n
                       on viene detto da testo)
  139 00000000         ;STR tmp,[reg_pt]
  140 00000000         
  141 00000000         ;LDR reg_pt, =SYSTICKreloadValueRegister
  142 00000000         ;LDR tmp,=0xFFFFF ;attenzione, questo è il valore da cui
                        parte al SECONDO ciclo. 
  143 00000000         ;STR tmp,[reg_pt]
  144 00000000         
  145 00000000         ;LDR reg_pt, =SYSTICKcurrentValueRegister
  146 00000000         ;STR tmp,[reg_pt] ;scrivendoci qualsiasi valore lo reset
                       to (non viene detto da testo) quindi sfrutto 0xFFFFF
  147 00000000         ;LDR reg_pt, =SYSTICKcontrolAndStatusRegister
  148 00000000         ;LDR tmp,[reg_pt]
  149 00000000         ;BIC tmp,tmp,#2 ;clear per non generare interrupt
  150 00000000         ;ORR tmp,tmp,#1 ;enable timer
  151 00000000         ;STR tmp,[reg_pt]
  152 00000000         ;SVC 67
  153 00000000         
  154 00000000         ;IMPORT  __main
  155 00000000         ;LDR     R0, =__main
  156 00000000         ;BX      R0
  157 00000000         
  158 00000000 E7FE    stop    B                stop
  159 00000002                 ENDP
  160 00000002         
  161 00000002         
  162 00000002         ; Dummy Exception Handlers (infinite loops which can be 
                       modified)
  163 00000002         
  164 00000002         NMI_Handler
                               PROC
  165 00000002                 EXPORT           NMI_Handler               [WEAK
]
  166 00000002 E7FE            B                .
  167 00000004                 ENDP
  169 00000004         HardFault_Handler
                               PROC
  170 00000004                 EXPORT           HardFault_Handler         [WEAK
]
  171 00000004 E7FE            B                .
  172 00000006                 ENDP
  174 00000006         MemManage_Handler
                               PROC
  175 00000006                 EXPORT           MemManage_Handler         [WEAK



ARM Macro Assembler    Page 5 


]
  176 00000006 E7FE            B                .
  177 00000008                 ENDP
  179 00000008         BusFault_Handler
                               PROC
  180 00000008                 EXPORT           BusFault_Handler          [WEAK
]
  181 00000008 E7FE            B                .
  182 0000000A                 ENDP
  184 0000000A         UsageFault_Handler
                               PROC
  185 0000000A                 EXPORT           UsageFault_Handler        [WEAK
]
  186 0000000A E7FE            B                .
  187 0000000C                 ENDP
  188 0000000C         SVC_Handler
                               PROC
  189 0000000C                 EXPORT           SVC_Handler               [WEAK
]
  190 0000000C         ;I examine the EXEC_RETURN
  191 0000000C         ;if you want to check the stack you should take the valu
                       e of the PSP before entering the call (0x10000400) and s
                       ubtract 0x20 (32 in decimal)
  192 0000000C         ;32 is because the CPU stacks 8 registers of 4 bytes eac
                       h: PSR,PC,LR,R12,R3,R2,R1,R0
  193 0000000C         
  194 0000000C F01E 0F04       TST              LR, #2_100  ; look for 
  195 00000010         ; if MSP was used, bit 2 is zero
  196 00000010         ; AND with 2_100  -> 000000 -> zero flag is 1
  197 00000010 BF0C            ITE              EQ
  198 00000012 F3EF 8308       MRSEQ            r3, MSP
  199 00000016 F3EF 8309       MRSNE            r3, PSP
  200 0000001A         
  201 0000001A         
  202 0000001A 699A            LDR              r2, [r3, #24] ; address stored 
                                                            in PC è FC che sare
                                                            bbe 2 bytes dopo (n
                                                            ext instruction) FA
                                                             che è indirizzo is
                                                            truzione SVC (compo
                                                            sta da 2 bytes)
  203 0000001C F812 1C02       LDRB             r1, [r2, #-2] ; r4 is the immed
                                                            iate value of SVC. 
                                                            tolgo -2 perché vog
                                                            lio FA
  204 00000020         ;questo perché il PC quando lo salvi per andare nell'han
                       dler o in una subroutine punta sempre all'istruzione suc
                       cessiva
  205 00000020         ;e siccome la SVC è su 16 bit devo fare -2 byte al PC. L
                       DRB poi perché il numero è codificato sull'LSB 
  206 00000020         ;dell'istruzione
  207 00000020         
  208 00000020 2943            CMP              r1, #67
  209 00000022 D000            BEQ              SCV_routine
  210 00000024         ;test other SVC values
  211 00000024         
  212 00000024 E7FE            B                .
  213 00000026         
  214 00000026         SCV_routine                          ; only for SVC 67



ARM Macro Assembler    Page 6 


  215 00000026         ;stuff to do
  216 00000026 4770            BX               LR
  217 00000028                 ENDP
  219 00000028         DebugMon_Handler
                               PROC
  220 00000028                 EXPORT           DebugMon_Handler          [WEAK
]
  221 00000028 E7FE            B                .
  222 0000002A                 ENDP
  223 0000002A         PendSV_Handler
                               PROC
  224 0000002A                 EXPORT           PendSV_Handler            [WEAK
]
  225 0000002A E7FE            B                .
  226 0000002C                 ENDP
  227 0000002C         SysTick_Handler
                               PROC
  228 0000002C                 EXPORT           SysTick_Handler           [WEAK
]
  229 0000002C E7FE            B                .
  230 0000002E                 ENDP
  231 0000002E         
  232 0000002E         Default_Handler
                               PROC
  233 0000002E         
  234 0000002E                 EXPORT           WDT_IRQHandler            [WEAK
]
  235 0000002E                 EXPORT           TIMER0_IRQHandler         [WEAK
]
  236 0000002E                 EXPORT           TIMER1_IRQHandler         [WEAK
]
  237 0000002E                 EXPORT           TIMER2_IRQHandler         [WEAK
]
  238 0000002E                 EXPORT           TIMER3_IRQHandler         [WEAK
]
  239 0000002E                 EXPORT           UART0_IRQHandler          [WEAK
]
  240 0000002E                 EXPORT           UART1_IRQHandler          [WEAK
]
  241 0000002E                 EXPORT           UART2_IRQHandler          [WEAK
]
  242 0000002E                 EXPORT           UART3_IRQHandler          [WEAK
]
  243 0000002E                 EXPORT           PWM1_IRQHandler           [WEAK
]
  244 0000002E                 EXPORT           I2C0_IRQHandler           [WEAK
]
  245 0000002E                 EXPORT           I2C1_IRQHandler           [WEAK
]
  246 0000002E                 EXPORT           I2C2_IRQHandler           [WEAK
]
  247 0000002E                 EXPORT           SPI_IRQHandler            [WEAK
]
  248 0000002E                 EXPORT           SSP0_IRQHandler           [WEAK
]
  249 0000002E                 EXPORT           SSP1_IRQHandler           [WEAK
]
  250 0000002E                 EXPORT           PLL0_IRQHandler           [WEAK
]



ARM Macro Assembler    Page 7 


  251 0000002E                 EXPORT           RTC_IRQHandler            [WEAK
]
  252 0000002E                 EXPORT           EINT0_IRQHandler          [WEAK
]
  253 0000002E                 EXPORT           EINT1_IRQHandler          [WEAK
]
  254 0000002E                 EXPORT           EINT2_IRQHandler          [WEAK
]
  255 0000002E                 EXPORT           EINT3_IRQHandler          [WEAK
]
  256 0000002E                 EXPORT           ADC_IRQHandler            [WEAK
]
  257 0000002E                 EXPORT           BOD_IRQHandler            [WEAK
]
  258 0000002E                 EXPORT           USB_IRQHandler            [WEAK
]
  259 0000002E                 EXPORT           CAN_IRQHandler            [WEAK
]
  260 0000002E                 EXPORT           DMA_IRQHandler            [WEAK
]
  261 0000002E                 EXPORT           I2S_IRQHandler            [WEAK
]
  262 0000002E                 EXPORT           ENET_IRQHandler           [WEAK
]
  263 0000002E                 EXPORT           RIT_IRQHandler            [WEAK
]
  264 0000002E                 EXPORT           MCPWM_IRQHandler          [WEAK
]
  265 0000002E                 EXPORT           QEI_IRQHandler            [WEAK
]
  266 0000002E                 EXPORT           PLL1_IRQHandler           [WEAK
]
  267 0000002E                 EXPORT           USBActivity_IRQHandler    [WEAK
]
  268 0000002E                 EXPORT           CANActivity_IRQHandler    [WEAK
]
  269 0000002E         
  270 0000002E         WDT_IRQHandler
  271 0000002E         TIMER0_IRQHandler
  272 0000002E         TIMER1_IRQHandler
  273 0000002E         TIMER2_IRQHandler
  274 0000002E         TIMER3_IRQHandler
  275 0000002E         UART0_IRQHandler
  276 0000002E         UART1_IRQHandler
  277 0000002E         UART2_IRQHandler
  278 0000002E         UART3_IRQHandler
  279 0000002E         PWM1_IRQHandler
  280 0000002E         I2C0_IRQHandler
  281 0000002E         I2C1_IRQHandler
  282 0000002E         I2C2_IRQHandler
  283 0000002E         SPI_IRQHandler
  284 0000002E         SSP0_IRQHandler
  285 0000002E         SSP1_IRQHandler
  286 0000002E         PLL0_IRQHandler
  287 0000002E         RTC_IRQHandler
  288 0000002E         EINT0_IRQHandler
  289 0000002E         EINT1_IRQHandler
  290 0000002E         EINT2_IRQHandler
  291 0000002E         EINT3_IRQHandler



ARM Macro Assembler    Page 8 


  292 0000002E         ADC_IRQHandler
  293 0000002E         BOD_IRQHandler
  294 0000002E         USB_IRQHandler
  295 0000002E         CAN_IRQHandler
  296 0000002E         DMA_IRQHandler
  297 0000002E         I2S_IRQHandler
  298 0000002E         ENET_IRQHandler
  299 0000002E         RIT_IRQHandler
  300 0000002E         MCPWM_IRQHandler
  301 0000002E         QEI_IRQHandler
  302 0000002E         PLL1_IRQHandler
  303 0000002E         USBActivity_IRQHandler
  304 0000002E         CANActivity_IRQHandler
  305 0000002E         
  306 0000002E E7FE            B                .
  307 00000030         
  308 00000030                 ENDP
  309 00000030         
  310 00000030         
  311 00000030                 ALIGN
  312 00000030         
  313 00000030         
  314 00000030         ; User Initial Stack & Heap
  315 00000030         
  316 00000030                 IF               :DEF:__MICROLIB
  323 00000030         
  324 00000030                 IMPORT           __use_two_region_memory
  325 00000030                 EXPORT           __user_initial_stackheap
  326 00000030         __user_initial_stackheap
  327 00000030         
  328 00000030 4802            LDR              R0, =  Heap_Mem
  329 00000032 4903            LDR              R1, =(Stack_Mem + Stack_Size)
  330 00000034 4A01            LDR              R2, = (Heap_Mem +  Heap_Size)
  331 00000036 4B03            LDR              R3, = Stack_Mem
  332 00000038 4770            BX               LR
  333 0000003A         
  334 0000003A 00 00           ALIGN
  335 0000003C         
  336 0000003C                 ENDIF
  337 0000003C         
  338 0000003C         
  339 0000003C                 END
              00000000 
              00000200 
              00000000 
Command Line: --debug --xref --diag_suppress=9931,A1950W --cpu=Cortex-M3 --depe
nd=.\objects\startup_lpc17xx.d -o.\objects\startup_lpc17xx.o -I.\Source\adc -I.
\Source\button_EXINT -I.\Source\CMSIS_core -I.\Source\joystick -I.\Source\led -
I.\Source\RIT -I.\Source\timer -I.\Source -I.\RTE\_SW_Debug -IC:\Users\Utente\A
ppData\Local\Arm\Packs\ARM\CMSIS\6.2.0\CMSIS\Core\Include -IC:\Users\Utente\App
Data\Local\Arm\Packs\Keil\LPC1700_DFP\2.7.2\Device\Include --predefine="__EVAL 
SETA 1" --predefine="__UVISION_VERSION SETA 543" --predefine="LPC175x_6x SETA 1
" --predefine="_RTE_ SETA 1" --list=.\listings\startup_lpc17xx.lst Source\start
up_LPC17xx.s



ARM Macro Assembler    Page 1 Alphabetic symbol ordering
Relocatable symbols

STACK 00000000

Symbol: STACK
   Definitions
      At line 33 in file Source\startup_LPC17xx.s
   Uses
      None
Comment: STACK unused
Stack_Mem 00000000

Symbol: Stack_Mem
   Definitions
      At line 34 in file Source\startup_LPC17xx.s
   Uses
      At line 329 in file Source\startup_LPC17xx.s
      At line 331 in file Source\startup_LPC17xx.s

__initial_sp 00000200

Symbol: __initial_sp
   Definitions
      At line 35 in file Source\startup_LPC17xx.s
   Uses
      At line 59 in file Source\startup_LPC17xx.s
Comment: __initial_sp used once
3 symbols



ARM Macro Assembler    Page 1 Alphabetic symbol ordering
Relocatable symbols

HEAP 00000000

Symbol: HEAP
   Definitions
      At line 44 in file Source\startup_LPC17xx.s
   Uses
      None
Comment: HEAP unused
Heap_Mem 00000000

Symbol: Heap_Mem
   Definitions
      At line 46 in file Source\startup_LPC17xx.s
   Uses
      At line 328 in file Source\startup_LPC17xx.s
      At line 330 in file Source\startup_LPC17xx.s

__heap_base 00000000

Symbol: __heap_base
   Definitions
      At line 45 in file Source\startup_LPC17xx.s
   Uses
      None
Comment: __heap_base unused
__heap_limit 00000000

Symbol: __heap_limit
   Definitions
      At line 47 in file Source\startup_LPC17xx.s
   Uses
      None
Comment: __heap_limit unused
4 symbols



ARM Macro Assembler    Page 1 Alphabetic symbol ordering
Relocatable symbols

RESET 00000000

Symbol: RESET
   Definitions
      At line 56 in file Source\startup_LPC17xx.s
   Uses
      None
Comment: RESET unused
__Vectors 00000000

Symbol: __Vectors
   Definitions
      At line 59 in file Source\startup_LPC17xx.s
   Uses
      At line 57 in file Source\startup_LPC17xx.s
Comment: __Vectors used once
2 symbols



ARM Macro Assembler    Page 1 Alphabetic symbol ordering
Relocatable symbols

.ARM.__at_0x02FC 00000000

Symbol: .ARM.__at_0x02FC
   Definitions
      At line 115 in file Source\startup_LPC17xx.s
   Uses
      None
Comment: .ARM.__at_0x02FC unused
CRP_Key 00000000

Symbol: CRP_Key
   Definitions
      At line 116 in file Source\startup_LPC17xx.s
   Uses
      None
Comment: CRP_Key unused
2 symbols



ARM Macro Assembler    Page 1 Alphabetic symbol ordering
Relocatable symbols

.text 00000000

Symbol: .text
   Definitions
      At line 125 in file Source\startup_LPC17xx.s
   Uses
      None
Comment: .text unused
ADC_IRQHandler 0000002E

Symbol: ADC_IRQHandler
   Definitions
      At line 292 in file Source\startup_LPC17xx.s
   Uses
      At line 99 in file Source\startup_LPC17xx.s
      At line 256 in file Source\startup_LPC17xx.s

BOD_IRQHandler 0000002E

Symbol: BOD_IRQHandler
   Definitions
      At line 293 in file Source\startup_LPC17xx.s
   Uses
      At line 100 in file Source\startup_LPC17xx.s
      At line 257 in file Source\startup_LPC17xx.s

BusFault_Handler 00000008

Symbol: BusFault_Handler
   Definitions
      At line 179 in file Source\startup_LPC17xx.s
   Uses
      At line 64 in file Source\startup_LPC17xx.s
      At line 180 in file Source\startup_LPC17xx.s

CANActivity_IRQHandler 0000002E

Symbol: CANActivity_IRQHandler
   Definitions
      At line 304 in file Source\startup_LPC17xx.s
   Uses
      At line 111 in file Source\startup_LPC17xx.s
      At line 268 in file Source\startup_LPC17xx.s

CAN_IRQHandler 0000002E

Symbol: CAN_IRQHandler
   Definitions
      At line 295 in file Source\startup_LPC17xx.s
   Uses
      At line 102 in file Source\startup_LPC17xx.s
      At line 259 in file Source\startup_LPC17xx.s

DMA_IRQHandler 0000002E

Symbol: DMA_IRQHandler
   Definitions
      At line 296 in file Source\startup_LPC17xx.s
   Uses



ARM Macro Assembler    Page 2 Alphabetic symbol ordering
Relocatable symbols

      At line 103 in file Source\startup_LPC17xx.s
      At line 260 in file Source\startup_LPC17xx.s

DebugMon_Handler 00000028

Symbol: DebugMon_Handler
   Definitions
      At line 219 in file Source\startup_LPC17xx.s
   Uses
      At line 71 in file Source\startup_LPC17xx.s
      At line 220 in file Source\startup_LPC17xx.s

Default_Handler 0000002E

Symbol: Default_Handler
   Definitions
      At line 232 in file Source\startup_LPC17xx.s
   Uses
      None
Comment: Default_Handler unused
EINT0_IRQHandler 0000002E

Symbol: EINT0_IRQHandler
   Definitions
      At line 288 in file Source\startup_LPC17xx.s
   Uses
      At line 95 in file Source\startup_LPC17xx.s
      At line 252 in file Source\startup_LPC17xx.s

EINT1_IRQHandler 0000002E

Symbol: EINT1_IRQHandler
   Definitions
      At line 289 in file Source\startup_LPC17xx.s
   Uses
      At line 96 in file Source\startup_LPC17xx.s
      At line 253 in file Source\startup_LPC17xx.s

EINT2_IRQHandler 0000002E

Symbol: EINT2_IRQHandler
   Definitions
      At line 290 in file Source\startup_LPC17xx.s
   Uses
      At line 97 in file Source\startup_LPC17xx.s
      At line 254 in file Source\startup_LPC17xx.s

EINT3_IRQHandler 0000002E

Symbol: EINT3_IRQHandler
   Definitions
      At line 291 in file Source\startup_LPC17xx.s
   Uses
      At line 98 in file Source\startup_LPC17xx.s
      At line 255 in file Source\startup_LPC17xx.s

ENET_IRQHandler 0000002E

Symbol: ENET_IRQHandler



ARM Macro Assembler    Page 3 Alphabetic symbol ordering
Relocatable symbols

   Definitions
      At line 298 in file Source\startup_LPC17xx.s
   Uses
      At line 105 in file Source\startup_LPC17xx.s
      At line 262 in file Source\startup_LPC17xx.s

HardFault_Handler 00000004

Symbol: HardFault_Handler
   Definitions
      At line 169 in file Source\startup_LPC17xx.s
   Uses
      At line 62 in file Source\startup_LPC17xx.s
      At line 170 in file Source\startup_LPC17xx.s

I2C0_IRQHandler 0000002E

Symbol: I2C0_IRQHandler
   Definitions
      At line 280 in file Source\startup_LPC17xx.s
   Uses
      At line 87 in file Source\startup_LPC17xx.s
      At line 244 in file Source\startup_LPC17xx.s

I2C1_IRQHandler 0000002E

Symbol: I2C1_IRQHandler
   Definitions
      At line 281 in file Source\startup_LPC17xx.s
   Uses
      At line 88 in file Source\startup_LPC17xx.s
      At line 245 in file Source\startup_LPC17xx.s

I2C2_IRQHandler 0000002E

Symbol: I2C2_IRQHandler
   Definitions
      At line 282 in file Source\startup_LPC17xx.s
   Uses
      At line 89 in file Source\startup_LPC17xx.s
      At line 246 in file Source\startup_LPC17xx.s

I2S_IRQHandler 0000002E

Symbol: I2S_IRQHandler
   Definitions
      At line 297 in file Source\startup_LPC17xx.s
   Uses
      At line 104 in file Source\startup_LPC17xx.s
      At line 261 in file Source\startup_LPC17xx.s

MCPWM_IRQHandler 0000002E

Symbol: MCPWM_IRQHandler
   Definitions
      At line 300 in file Source\startup_LPC17xx.s
   Uses
      At line 107 in file Source\startup_LPC17xx.s
      At line 264 in file Source\startup_LPC17xx.s



ARM Macro Assembler    Page 4 Alphabetic symbol ordering
Relocatable symbols


MemManage_Handler 00000006

Symbol: MemManage_Handler
   Definitions
      At line 174 in file Source\startup_LPC17xx.s
   Uses
      At line 63 in file Source\startup_LPC17xx.s
      At line 175 in file Source\startup_LPC17xx.s

NMI_Handler 00000002

Symbol: NMI_Handler
   Definitions
      At line 164 in file Source\startup_LPC17xx.s
   Uses
      At line 61 in file Source\startup_LPC17xx.s
      At line 165 in file Source\startup_LPC17xx.s

PLL0_IRQHandler 0000002E

Symbol: PLL0_IRQHandler
   Definitions
      At line 286 in file Source\startup_LPC17xx.s
   Uses
      At line 93 in file Source\startup_LPC17xx.s
      At line 250 in file Source\startup_LPC17xx.s

PLL1_IRQHandler 0000002E

Symbol: PLL1_IRQHandler
   Definitions
      At line 302 in file Source\startup_LPC17xx.s
   Uses
      At line 109 in file Source\startup_LPC17xx.s
      At line 266 in file Source\startup_LPC17xx.s

PWM1_IRQHandler 0000002E

Symbol: PWM1_IRQHandler
   Definitions
      At line 279 in file Source\startup_LPC17xx.s
   Uses
      At line 86 in file Source\startup_LPC17xx.s
      At line 243 in file Source\startup_LPC17xx.s

PendSV_Handler 0000002A

Symbol: PendSV_Handler
   Definitions
      At line 223 in file Source\startup_LPC17xx.s
   Uses
      At line 73 in file Source\startup_LPC17xx.s
      At line 224 in file Source\startup_LPC17xx.s

QEI_IRQHandler 0000002E

Symbol: QEI_IRQHandler
   Definitions



ARM Macro Assembler    Page 5 Alphabetic symbol ordering
Relocatable symbols

      At line 301 in file Source\startup_LPC17xx.s
   Uses
      At line 108 in file Source\startup_LPC17xx.s
      At line 265 in file Source\startup_LPC17xx.s

RIT_IRQHandler 0000002E

Symbol: RIT_IRQHandler
   Definitions
      At line 299 in file Source\startup_LPC17xx.s
   Uses
      At line 106 in file Source\startup_LPC17xx.s
      At line 263 in file Source\startup_LPC17xx.s

RTC_IRQHandler 0000002E

Symbol: RTC_IRQHandler
   Definitions
      At line 287 in file Source\startup_LPC17xx.s
   Uses
      At line 94 in file Source\startup_LPC17xx.s
      At line 251 in file Source\startup_LPC17xx.s

Reset_Handler 00000000

Symbol: Reset_Handler
   Definitions
      At line 133 in file Source\startup_LPC17xx.s
   Uses
      At line 60 in file Source\startup_LPC17xx.s
      At line 134 in file Source\startup_LPC17xx.s

SCV_routine 00000026

Symbol: SCV_routine
   Definitions
      At line 214 in file Source\startup_LPC17xx.s
   Uses
      At line 209 in file Source\startup_LPC17xx.s
Comment: SCV_routine used once
SPI_IRQHandler 0000002E

Symbol: SPI_IRQHandler
   Definitions
      At line 283 in file Source\startup_LPC17xx.s
   Uses
      At line 90 in file Source\startup_LPC17xx.s
      At line 247 in file Source\startup_LPC17xx.s

SSP0_IRQHandler 0000002E

Symbol: SSP0_IRQHandler
   Definitions
      At line 284 in file Source\startup_LPC17xx.s
   Uses
      At line 91 in file Source\startup_LPC17xx.s
      At line 248 in file Source\startup_LPC17xx.s

SSP1_IRQHandler 0000002E



ARM Macro Assembler    Page 6 Alphabetic symbol ordering
Relocatable symbols


Symbol: SSP1_IRQHandler
   Definitions
      At line 285 in file Source\startup_LPC17xx.s
   Uses
      At line 92 in file Source\startup_LPC17xx.s
      At line 249 in file Source\startup_LPC17xx.s

SVC_Handler 0000000C

Symbol: SVC_Handler
   Definitions
      At line 188 in file Source\startup_LPC17xx.s
   Uses
      At line 70 in file Source\startup_LPC17xx.s
      At line 189 in file Source\startup_LPC17xx.s

SysTick_Handler 0000002C

Symbol: SysTick_Handler
   Definitions
      At line 227 in file Source\startup_LPC17xx.s
   Uses
      At line 74 in file Source\startup_LPC17xx.s
      At line 228 in file Source\startup_LPC17xx.s

TIMER0_IRQHandler 0000002E

Symbol: TIMER0_IRQHandler
   Definitions
      At line 271 in file Source\startup_LPC17xx.s
   Uses
      At line 78 in file Source\startup_LPC17xx.s
      At line 235 in file Source\startup_LPC17xx.s

TIMER1_IRQHandler 0000002E

Symbol: TIMER1_IRQHandler
   Definitions
      At line 272 in file Source\startup_LPC17xx.s
   Uses
      At line 79 in file Source\startup_LPC17xx.s
      At line 236 in file Source\startup_LPC17xx.s

TIMER2_IRQHandler 0000002E

Symbol: TIMER2_IRQHandler
   Definitions
      At line 273 in file Source\startup_LPC17xx.s
   Uses
      At line 80 in file Source\startup_LPC17xx.s
      At line 237 in file Source\startup_LPC17xx.s

TIMER3_IRQHandler 0000002E

Symbol: TIMER3_IRQHandler
   Definitions
      At line 274 in file Source\startup_LPC17xx.s
   Uses



ARM Macro Assembler    Page 7 Alphabetic symbol ordering
Relocatable symbols

      At line 81 in file Source\startup_LPC17xx.s
      At line 238 in file Source\startup_LPC17xx.s

UART0_IRQHandler 0000002E

Symbol: UART0_IRQHandler
   Definitions
      At line 275 in file Source\startup_LPC17xx.s
   Uses
      At line 82 in file Source\startup_LPC17xx.s
      At line 239 in file Source\startup_LPC17xx.s

UART1_IRQHandler 0000002E

Symbol: UART1_IRQHandler
   Definitions
      At line 276 in file Source\startup_LPC17xx.s
   Uses
      At line 83 in file Source\startup_LPC17xx.s
      At line 240 in file Source\startup_LPC17xx.s

UART2_IRQHandler 0000002E

Symbol: UART2_IRQHandler
   Definitions
      At line 277 in file Source\startup_LPC17xx.s
   Uses
      At line 84 in file Source\startup_LPC17xx.s
      At line 241 in file Source\startup_LPC17xx.s

UART3_IRQHandler 0000002E

Symbol: UART3_IRQHandler
   Definitions
      At line 278 in file Source\startup_LPC17xx.s
   Uses
      At line 85 in file Source\startup_LPC17xx.s
      At line 242 in file Source\startup_LPC17xx.s

USBActivity_IRQHandler 0000002E

Symbol: USBActivity_IRQHandler
   Definitions
      At line 303 in file Source\startup_LPC17xx.s
   Uses
      At line 110 in file Source\startup_LPC17xx.s
      At line 267 in file Source\startup_LPC17xx.s

USB_IRQHandler 0000002E

Symbol: USB_IRQHandler
   Definitions
      At line 294 in file Source\startup_LPC17xx.s
   Uses
      At line 101 in file Source\startup_LPC17xx.s
      At line 258 in file Source\startup_LPC17xx.s

UsageFault_Handler 0000000A




ARM Macro Assembler    Page 8 Alphabetic symbol ordering
Relocatable symbols

Symbol: UsageFault_Handler
   Definitions
      At line 184 in file Source\startup_LPC17xx.s
   Uses
      At line 65 in file Source\startup_LPC17xx.s
      At line 185 in file Source\startup_LPC17xx.s

WDT_IRQHandler 0000002E

Symbol: WDT_IRQHandler
   Definitions
      At line 270 in file Source\startup_LPC17xx.s
   Uses
      At line 77 in file Source\startup_LPC17xx.s
      At line 234 in file Source\startup_LPC17xx.s

__user_initial_stackheap 00000030

Symbol: __user_initial_stackheap
   Definitions
      At line 326 in file Source\startup_LPC17xx.s
   Uses
      At line 325 in file Source\startup_LPC17xx.s
Comment: __user_initial_stackheap used once
stop 00000000

Symbol: stop
   Definitions
      At line 158 in file Source\startup_LPC17xx.s
   Uses
      At line 158 in file Source\startup_LPC17xx.s
Comment: stop used once
50 symbols



ARM Macro Assembler    Page 1 Alphabetic symbol ordering
Absolute symbols

Heap_Size 00000000

Symbol: Heap_Size
   Definitions
      At line 42 in file Source\startup_LPC17xx.s
   Uses
      At line 46 in file Source\startup_LPC17xx.s
      At line 330 in file Source\startup_LPC17xx.s

Stack_Size 00000200

Symbol: Stack_Size
   Definitions
      At line 31 in file Source\startup_LPC17xx.s
   Uses
      At line 34 in file Source\startup_LPC17xx.s
      At line 329 in file Source\startup_LPC17xx.s

2 symbols



ARM Macro Assembler    Page 1 Alphabetic symbol ordering
External symbols

__use_two_region_memory 00000000

Symbol: __use_two_region_memory
   Definitions
      At line 324 in file Source\startup_LPC17xx.s
   Uses
      None
Comment: __use_two_region_memory unused
1 symbol
404 symbols in table
